{"/home/antonno/Odin/JS Path/Battleship/src/index.js": {"path":"/home/antonno/Odin/JS Path/Battleship/src/index.js","statementMap":{"0":{"start":{"line":9,"column":21},"end":{"line":46,"column":1}},"1":{"start":{"line":10,"column":13},"end":{"line":10,"column":28}},"2":{"start":{"line":11,"column":15},"end":{"line":11,"column":20}},"3":{"start":{"line":13,"column":13},"end":{"line":19,"column":3}},"4":{"start":{"line":14,"column":4},"end":{"line":16,"column":5}},"5":{"start":{"line":15,"column":6},"end":{"line":15,"column":32}},"6":{"start":{"line":17,"column":4},"end":{"line":17,"column":28}},"7":{"start":{"line":18,"column":4},"end":{"line":18,"column":33}},"8":{"start":{"line":21,"column":12},"end":{"line":25,"column":3}},"9":{"start":{"line":22,"column":4},"end":{"line":24,"column":5}},"10":{"start":{"line":22,"column":17},"end":{"line":22,"column":18}},"11":{"start":{"line":23,"column":6},"end":{"line":23,"column":21}},"12":{"start":{"line":27,"column":14},"end":{"line":31,"column":3}},"13":{"start":{"line":28,"column":4},"end":{"line":30,"column":5}},"14":{"start":{"line":29,"column":6},"end":{"line":29,"column":18}},"15":{"start":{"line":32,"column":17},"end":{"line":41,"column":3}},"16":{"start":{"line":33,"column":15},"end":{"line":33,"column":19}},"17":{"start":{"line":34,"column":4},"end":{"line":38,"column":7}},"18":{"start":{"line":35,"column":6},"end":{"line":37,"column":7}},"19":{"start":{"line":36,"column":8},"end":{"line":36,"column":21}},"20":{"start":{"line":40,"column":4},"end":{"line":40,"column":16}},"21":{"start":{"line":43,"column":2},"end":{"line":43,"column":12}},"22":{"start":{"line":45,"column":2},"end":{"line":45,"column":31}},"23":{"start":{"line":48,"column":18},"end":{"line":86,"column":1}},"24":{"start":{"line":49,"column":14},"end":{"line":49,"column":29}},"25":{"start":{"line":50,"column":22},"end":{"line":57,"column":3}},"26":{"start":{"line":51,"column":4},"end":{"line":56,"column":5}},"27":{"start":{"line":51,"column":17},"end":{"line":51,"column":18}},"28":{"start":{"line":52,"column":6},"end":{"line":52,"column":31}},"29":{"start":{"line":53,"column":6},"end":{"line":55,"column":7}},"30":{"start":{"line":53,"column":19},"end":{"line":53,"column":20}},"31":{"start":{"line":54,"column":8},"end":{"line":54,"column":22}},"32":{"start":{"line":59,"column":2},"end":{"line":59,"column":19}},"33":{"start":{"line":63,"column":21},"end":{"line":74,"column":3}},"34":{"start":{"line":64,"column":4},"end":{"line":71,"column":5}},"35":{"start":{"line":64,"column":17},"end":{"line":64,"column":18}},"36":{"start":{"line":65,"column":6},"end":{"line":70,"column":7}},"37":{"start":{"line":65,"column":19},"end":{"line":65,"column":20}},"38":{"start":{"line":66,"column":8},"end":{"line":69,"column":9}},"39":{"start":{"line":67,"column":10},"end":{"line":67,"column":68}},"40":{"start":{"line":68,"column":10},"end":{"line":68,"column":23}},"41":{"start":{"line":72,"column":4},"end":{"line":72,"column":39}},"42":{"start":{"line":73,"column":4},"end":{"line":73,"column":16}},"43":{"start":{"line":76,"column":24},"end":{"line":84,"column":3}},"44":{"start":{"line":77,"column":4},"end":{"line":83,"column":5}},"45":{"start":{"line":78,"column":6},"end":{"line":78,"column":20}},"46":{"start":{"line":80,"column":14},"end":{"line":80,"column":23}},"47":{"start":{"line":81,"column":6},"end":{"line":81,"column":20}},"48":{"start":{"line":82,"column":6},"end":{"line":82,"column":15}},"49":{"start":{"line":85,"column":2},"end":{"line":85,"column":44}},"50":{"start":{"line":88,"column":6},"end":{"line":88,"column":15}}},"fnMap":{"0":{"name":"(anonymous_0)","decl":{"start":{"line":9,"column":21},"end":{"line":9,"column":22}},"loc":{"start":{"line":9,"column":31},"end":{"line":46,"column":1}},"line":9},"1":{"name":"(anonymous_1)","decl":{"start":{"line":13,"column":13},"end":{"line":13,"column":14}},"loc":{"start":{"line":13,"column":19},"end":{"line":19,"column":3}},"line":13},"2":{"name":"(anonymous_2)","decl":{"start":{"line":21,"column":12},"end":{"line":21,"column":13}},"loc":{"start":{"line":21,"column":22},"end":{"line":25,"column":3}},"line":21},"3":{"name":"(anonymous_3)","decl":{"start":{"line":27,"column":14},"end":{"line":27,"column":15}},"loc":{"start":{"line":27,"column":21},"end":{"line":31,"column":3}},"line":27},"4":{"name":"(anonymous_4)","decl":{"start":{"line":32,"column":17},"end":{"line":32,"column":18}},"loc":{"start":{"line":32,"column":23},"end":{"line":41,"column":3}},"line":32},"5":{"name":"(anonymous_5)","decl":{"start":{"line":34,"column":17},"end":{"line":34,"column":18}},"loc":{"start":{"line":34,"column":24},"end":{"line":38,"column":5}},"line":34},"6":{"name":"(anonymous_6)","decl":{"start":{"line":48,"column":18},"end":{"line":48,"column":19}},"loc":{"start":{"line":48,"column":28},"end":{"line":86,"column":1}},"line":48},"7":{"name":"(anonymous_7)","decl":{"start":{"line":50,"column":22},"end":{"line":50,"column":23}},"loc":{"start":{"line":50,"column":31},"end":{"line":57,"column":3}},"line":50},"8":{"name":"(anonymous_8)","decl":{"start":{"line":63,"column":21},"end":{"line":63,"column":22}},"loc":{"start":{"line":63,"column":27},"end":{"line":74,"column":3}},"line":63},"9":{"name":"(anonymous_9)","decl":{"start":{"line":76,"column":24},"end":{"line":76,"column":25}},"loc":{"start":{"line":76,"column":34},"end":{"line":84,"column":3}},"line":76}},"branchMap":{"0":{"loc":{"start":{"line":14,"column":4},"end":{"line":16,"column":5}},"type":"if","locations":[{"start":{"line":14,"column":4},"end":{"line":16,"column":5}},{"start":{},"end":{}}],"line":14},"1":{"loc":{"start":{"line":28,"column":4},"end":{"line":30,"column":5}},"type":"if","locations":[{"start":{"line":28,"column":4},"end":{"line":30,"column":5}},{"start":{},"end":{}}],"line":28},"2":{"loc":{"start":{"line":35,"column":6},"end":{"line":37,"column":7}},"type":"if","locations":[{"start":{"line":35,"column":6},"end":{"line":37,"column":7}},{"start":{},"end":{}}],"line":35},"3":{"loc":{"start":{"line":66,"column":8},"end":{"line":69,"column":9}},"type":"if","locations":[{"start":{"line":66,"column":8},"end":{"line":69,"column":9}},{"start":{},"end":{}}],"line":66},"4":{"loc":{"start":{"line":77,"column":4},"end":{"line":83,"column":5}},"type":"if","locations":[{"start":{"line":77,"column":4},"end":{"line":83,"column":5}},{"start":{"line":79,"column":11},"end":{"line":83,"column":5}}],"line":77}},"s":{"0":1,"1":1,"2":1,"3":1,"4":3,"5":1,"6":3,"7":3,"8":1,"9":1,"10":1,"11":3,"12":1,"13":3,"14":3,"15":1,"16":2,"17":2,"18":6,"19":2,"20":2,"21":1,"22":1,"23":1,"24":1,"25":1,"26":1,"27":1,"28":10,"29":10,"30":10,"31":100,"32":1,"33":1,"34":2,"35":2,"36":12,"37":12,"38":112,"39":1,"40":1,"41":1,"42":1,"43":1,"44":3,"45":2,"46":1,"47":1,"48":1,"49":1,"50":1},"f":{"0":1,"1":3,"2":1,"3":3,"4":2,"5":6,"6":1,"7":1,"8":2,"9":3},"b":{"0":[1,2],"1":[3,0],"2":[2,4],"3":[1,111],"4":[2,1]},"_coverageSchema":"1a1c01bbd47fc00a2c39e90264f33305004495a9","hash":"cfd0c99a52b418d213362b7a358242f7def20365"}
}
