TN:
SF:src/index.js
FN:9,(anonymous_0)
FN:13,(anonymous_1)
FN:21,(anonymous_2)
FN:27,(anonymous_3)
FN:32,(anonymous_4)
FN:34,(anonymous_5)
FN:48,(anonymous_6)
FN:50,(anonymous_7)
FN:63,(anonymous_8)
FN:76,(anonymous_9)
FNF:10
FNH:10
FNDA:1,(anonymous_0)
FNDA:3,(anonymous_1)
FNDA:1,(anonymous_2)
FNDA:3,(anonymous_3)
FNDA:2,(anonymous_4)
FNDA:6,(anonymous_5)
FNDA:1,(anonymous_6)
FNDA:1,(anonymous_7)
FNDA:2,(anonymous_8)
FNDA:3,(anonymous_9)
DA:9,1
DA:10,1
DA:11,1
DA:13,1
DA:14,3
DA:15,1
DA:17,3
DA:18,3
DA:21,1
DA:22,1
DA:23,3
DA:27,1
DA:28,3
DA:29,3
DA:32,1
DA:33,2
DA:34,2
DA:35,6
DA:36,2
DA:40,2
DA:43,1
DA:45,1
DA:48,1
DA:49,1
DA:50,1
DA:51,1
DA:52,10
DA:53,10
DA:54,100
DA:59,1
DA:63,1
DA:64,2
DA:65,12
DA:66,112
DA:67,1
DA:68,1
DA:72,1
DA:73,1
DA:76,1
DA:77,3
DA:78,2
DA:80,1
DA:81,1
DA:82,1
DA:85,1
DA:88,1
LF:46
LH:46
BRDA:14,0,0,1
BRDA:14,0,1,2
BRDA:28,1,0,3
BRDA:28,1,1,0
BRDA:35,2,0,2
BRDA:35,2,1,4
BRDA:66,3,0,1
BRDA:66,3,1,111
BRDA:77,4,0,2
BRDA:77,4,1,1
BRF:10
BRH:9
end_of_record
